> Task :checkKotlinGradlePluginConfigurationErrors
> Task :compileKotlin FAILED

FAILURE: Build failed with an exception.

* What went wrong:
Execution failed for task ':compileKotlin'.
> Kotlin could not find the required JDK tools in the Java installation. Make sure Kotlin compilation is running on a JDK, not JRE.

* Try:
> Run with --stacktrace option to get the stack trace.
> Run with --info or --debug option to get more log output.
> Run with --scan to get full insights.

* Get more help at https://help.gradle.org

BUILD FAILED in 12s
2 actionable tasks: 2 executed
